5/13/2021 8:44:28 AM	This log contains information about the import schema operation into project 'dbQuanLyNhanSu' on computer 'PC-TUANTAI' by user 'tuan.tai'.
5/13/2021 8:44:28 AM	Import of database schema has started.
5/13/2021 8:44:33 AM	Gathering database options
5/13/2021 8:44:33 AM	Gathering users
5/13/2021 8:44:33 AM	Gathering roles
5/13/2021 8:44:33 AM	Gathering application roles
5/13/2021 8:44:33 AM	Gathering role memberships
5/13/2021 8:44:33 AM	Gathering filegroups
5/13/2021 8:44:33 AM	Gathering full-text catalogs
5/13/2021 8:44:33 AM	Gathering assemblies
5/13/2021 8:44:33 AM	Gathering certificates
5/13/2021 8:44:33 AM	Gathering asymmetric keys
5/13/2021 8:44:33 AM	Gathering symmetric keys
5/13/2021 8:44:33 AM	Gathering encrypted symmetric keys
5/13/2021 8:44:33 AM	Gathering schemas
5/13/2021 8:44:33 AM	Gathering XML schema collections
5/13/2021 8:44:33 AM	Gathering user-defined data types
5/13/2021 8:44:33 AM	Gathering user-defined types
5/13/2021 8:44:33 AM	Gathering table types
5/13/2021 8:44:33 AM	Gathering unique keys for table types
5/13/2021 8:44:33 AM	Gathering primary keys for table types
5/13/2021 8:44:33 AM	Gathering check constraints for table types
5/13/2021 8:44:33 AM	Gathering default constraints for table types
5/13/2021 8:44:33 AM	Gathering partition functions
5/13/2021 8:44:33 AM	Gathering partition schemes
5/13/2021 8:44:33 AM	Gathering functions
5/13/2021 8:44:33 AM	Gathering encrypted functions
5/13/2021 8:44:33 AM	Gathering aggregates
5/13/2021 8:44:33 AM	Gathering procedures
5/13/2021 8:44:33 AM	Gathering encrypted procedures
5/13/2021 8:44:33 AM	Gathering tables
5/13/2021 8:44:33 AM	Gathering primary keys
5/13/2021 8:44:33 AM	Gathering unique constraints
5/13/2021 8:44:33 AM	Gathering foreign keys
5/13/2021 8:44:33 AM	Gathering default constraints
5/13/2021 8:44:33 AM	Gathering check constraints
5/13/2021 8:44:33 AM	Gathering views
5/13/2021 8:44:33 AM	Gathering encrypted views
5/13/2021 8:44:33 AM	Gathering indexes
5/13/2021 8:44:33 AM	Gathering statistics
5/13/2021 8:44:33 AM	Gathering full-text index stoplists
5/13/2021 8:44:33 AM	Gathering search property lists
5/13/2021 8:44:33 AM	Gathering search properties
5/13/2021 8:44:33 AM	Gathering full-text indexes
5/13/2021 8:44:33 AM	Gathering column store indexes
5/13/2021 8:44:33 AM	Gathering spatial indexes
5/13/2021 8:44:33 AM	Gathering XML indexes
5/13/2021 8:44:33 AM	Gathering Selective XML indexes
5/13/2021 8:44:33 AM	Gathering encrypted triggers
5/13/2021 8:44:33 AM	Gathering triggers
5/13/2021 8:44:33 AM	Gathering encrypted and clr ddl triggers
5/13/2021 8:44:33 AM	Gathering ddl triggers
5/13/2021 8:44:33 AM	Gathering synonyms
5/13/2021 8:44:34 AM	Gathering defaults
5/13/2021 8:44:34 AM	Gathering data constraint uddt bindings
5/13/2021 8:44:34 AM	Gathering rules
5/13/2021 8:44:34 AM	Gathering data constraint uddt bindings
5/13/2021 8:44:34 AM	Gathering message types
5/13/2021 8:44:34 AM	Gathering queues
5/13/2021 8:44:34 AM	Gathering contracts
5/13/2021 8:44:34 AM	Gathering services
5/13/2021 8:44:34 AM	Gathering event notifications
5/13/2021 8:44:34 AM	Gathering remote service bindings
5/13/2021 8:44:34 AM	Gathering broker priorities
5/13/2021 8:44:34 AM	Gathering signatures
5/13/2021 8:44:34 AM	Gathering data compression options
5/13/2021 8:44:34 AM	Gathering sequence types
5/13/2021 8:44:34 AM	Gathering extended properties
5/13/2021 8:44:34 AM	Gathering credentials
5/13/2021 8:44:34 AM	Gathering logins
5/13/2021 8:44:34 AM	Gathering server audits
5/13/2021 8:44:34 AM	Scanning project for duplicate elements
5/13/2021 8:44:34 AM	Finished duplicate element processing
5/13/2021 8:44:34 AM	Finished importing database.
5/13/2021 8:44:34 AM	A summary of the import was saved to the following location: C:\Users\tuan.tai\Desktop\New folder (2)\12-5-2020\WebApplication1\dbQuanLyNhanSu\Import Schema Logs\dbQuanLyNhanSu_20210513014428.log
5/13/2021 8:44:34 AM	Click Finish to continue...
